Using pre-set license
Built from '2021.3/staging' branch; Version is '2021.3.2f1 (d6360bedb9a0) revision 14038539'; Using compiler version '192829333'; Build Type 'Release'
OS: 'Windows 10  (10.0.19044) 64bit CoreSingleLanguage' Language: 'en' Physical Memory: 16244 MB
BatchMode: 1, IsHumanControllingUs: 0, StartBugReporterOnCrash: 0, Is64bit: 1, IsPro: 1

COMMAND LINE ARGUMENTS:
C:\Program Files\Unity\Hub\Editor\2021.3.2f1\Editor\Unity.exe
-adb2
-batchMode
-noUpm
-name
AssetImportWorker306
-projectPath
C:/Users/fatim/Documents/chuypancho/aileen/rpg_system_2022
-logFile
Logs/AssetImportWorker306.log
-srvPort
56438
Successfully changed project path to: C:/Users/fatim/Documents/chuypancho/aileen/rpg_system_2022
C:/Users/fatim/Documents/chuypancho/aileen/rpg_system_2022
[UnityMemory] Configuration Parameters - Can be set up in boot.config
    "memorysetup-bucket-allocator-granularity=16"
    "memorysetup-bucket-allocator-bucket-count=8"
    "memorysetup-bucket-allocator-block-size=33554432"
    "memorysetup-bucket-allocator-block-count=8"
    "memorysetup-main-allocator-block-size=16777216"
    "memorysetup-thread-allocator-block-size=16777216"
    "memorysetup-gfx-main-allocator-block-size=16777216"
    "memorysetup-gfx-thread-allocator-block-size=16777216"
    "memorysetup-cache-allocator-block-size=4194304"
    "memorysetup-typetree-allocator-block-size=2097152"
    "memorysetup-profiler-bucket-allocator-granularity=16"
    "memorysetup-profiler-bucket-allocator-bucket-count=8"
    "memorysetup-profiler-bucket-allocator-block-size=33554432"
    "memorysetup-profiler-bucket-allocator-block-count=8"
    "memorysetup-profiler-allocator-block-size=16777216"
    "memorysetup-profiler-editor-allocator-block-size=1048576"
    "memorysetup-temp-allocator-size-main=16777216"
    "memorysetup-job-temp-allocator-block-size=2097152"
    "memorysetup-job-temp-allocator-block-size-background=1048576"
    "memorysetup-job-temp-allocator-reduction-small-platforms=262144"
    "memorysetup-temp-allocator-size-background-worker=32768"
    "memorysetup-temp-allocator-size-job-worker=262144"
    "memorysetup-temp-allocator-size-preload-manager=33554432"
    "memorysetup-temp-allocator-size-nav-mesh-worker=65536"
    "memorysetup-temp-allocator-size-audio-worker=65536"
    "memorysetup-temp-allocator-size-cloud-worker=32768"
    "memorysetup-temp-allocator-size-gi-baking-worker=262144"
    "memorysetup-temp-allocator-size-gfx=262144"
mdb reader table full -> cleaning up stale readers. Current readers:
    pid     thread     txnid
      6476 2cbc -
      6476 3220 -
      6476 7578 -
     27080 526c -
     19424 63bc -
     26516 3dd8 1992
     18560 3868 1996
     30164 6ba4 1996
     19432 5344 1997
      1496 5d10 -
     26636 6380 1999
      8132 6af0 -
     30000 6728 -
      6664 4a54 -
     30260 4cdc -
      5072 425c -
      6476 281c -
     17764 71f0 -
      1608 385c -
     23424 4034 2015
     26344 3ff0 -
      8044 4804 2019
     10624 64c8 -
     29064 3cc0 2028
     24896 6b9c -
     29068 7094 -
     16112 4a1c 2034
     10620 28cc 2034
      9164 6a08 -
     23916 1f84 -
      3256 646c -
     13304 63d8 -
     19796 4814 -
     17096 260c -
     24448 523c -
      9608 605c -
     14928 73a0 -
     26620 4fe0 -
     10568 6408 -
     13936 19bc -
     13704 26c -
     18256 649c -
      2784 64f0 -
     19296 4b80 -
     29412 2020 -
     13388 3f14 -
     28460 4420 -
     24452 5190 -
     20236 36c4 -
     16996 51d0 -
     26012 780 -
     21956 2910 -
     11564 4e6c -
      8916 2198 -
      2900 2570 -
     12968 7750 -
     30300 6ff0 -
     16572 2e60 -
     27924 37ac -
     10004 495c -
     23732 3afc -
      2600 759c -
     23784 4724 -
     10464 1330 -
      2692 3138 -
      3528 5954 -
     18536 3d60 -
     22164 3a80 -
      8828 3b20 -
     23020 37b0 2089
     19816 4238 2089
     30308 bf8 -
     25572 5c14 -
     14448 10e0 -
      6200 3efc -
     20160 5354 -
     27784 58a8 -
     30448 3c98 -
      8236 2718 -
     22680 77c0 -
     17320 5268 -
     24288 2b88 -
      3672 714c -
     29576 7274 -
     19100 3cb4 -
     15676 17bc -
     14640 5500 -
     12248 5a90 -
     23468 4f10 -
     20588 6810 2113
     18296 5568 -
     10188 1648 -
     21936 708 -
     14404 2a24 -
      9576 71fc -
     24176 3e9c -
     16552 304c -
     14100 2644 -
      6476 611c -
     23992 6550 -
     26072 25e4 -
     12708 5fe4 -
     16852 36e8 -
     20680 1ee8 -
     25780 5f20 -
     16612 5824 -
     23520 6cd8 -
     19732 6974 -
      8180 64a8 -
     26240 7794 -
     13072 564c -
      2344 5c9c -
     13560 2e98 -
     21236 2be4 -
     25272 5778 2143
     16632 2170 -
      5572 4bc8 -
     24660 31c8 2145
     21084 1ff0 -
     17784 68e0 -
     14652 d20 -
     24940 1d30 -
      8108 3a54 2148
     10296 718 -
     24268 6f58 -
     28104 2b10 -
Cleaned out 116 stale readers
Refreshing native plugins compatible for Editor in 2134.68 ms, found 2 plugins.
Preloading 0 native plugins for Editor in 0.00 ms.
Initialize engine version: 2021.3.2f1 (d6360bedb9a0)
[Subsystems] Discovering subsystems at path C:/Program Files/Unity/Hub/Editor/2021.3.2f1/Editor/Data/Resources/UnitySubsystems
[Subsystems] Discovering subsystems at path C:/Users/fatim/Documents/chuypancho/aileen/rpg_system_2022/Assets
GfxDevice: creating device client; threaded=0; jobified=0
Direct3D:
    Version:  Direct3D 11.0 [level 11.1]
    Renderer: NVIDIA GeForce GTX 1060 (ID=0x1c20)
    Vendor:   NVIDIA
    VRAM:     6052 MB
    Driver:   30.0.15.1215
Initialize mono
Mono path[0] = 'C:/Program Files/Unity/Hub/Editor/2021.3.2f1/Editor/Data/Managed'
Mono path[1] = 'C:/Program Files/Unity/Hub/Editor/2021.3.2f1/Editor/Data/MonoBleedingEdge/lib/mono/unityjit-win32'
Mono config path = 'C:/Program Files/Unity/Hub/Editor/2021.3.2f1/Editor/Data/MonoBleedingEdge/etc'
Using monoOptions --debugger-agent=transport=dt_socket,embedding=1,server=y,suspend=n,address=127.0.0.1:56112
Begin MonoManager ReloadAssembly
Registering precompiled unity dll's ...
Register platform support module: C:/Program Files/Unity/Hub/Editor/2021.3.2f1/Editor/Data/PlaybackEngines/WindowsStandaloneSupport/UnityEditor.WindowsStandalone.Extensions.dll
Registered in 0.126657 seconds.
Native extension for WindowsStandalone target not found
Refreshing native plugins compatible for Editor in 2022.14 ms, found 2 plugins.
Preloading 0 native plugins for Editor in 0.00 ms.
